{
  "RSpec": {
    "coverage": {
      "D:/Universidad/Taller de Progra/SistemaControlDeRiesgos/app/models/user.rb": [
        1,
        null,
        null,
        null,
        1,
        null,
        null,
        null,
        1,
        null,
        null
      ],
      "D:/Universidad/Taller de Progra/SistemaControlDeRiesgos/app/controllers/application_controller.rb": [
        1,
        1,
        null
      ],
      "D:/Universidad/Taller de Progra/SistemaControlDeRiesgos/app/helpers/application_helper.rb": [
        1,
        null
      ],
      "D:/Universidad/Taller de Progra/SistemaControlDeRiesgos/app/helpers/activos_helper.rb": [
        1,
        null
      ],
      "D:/Universidad/Taller de Progra/SistemaControlDeRiesgos/app/helpers/alcance_limitaciones_helper.rb": [
        1,
        null
      ],
      "D:/Universidad/Taller de Progra/SistemaControlDeRiesgos/app/helpers/amenazas_helper.rb": [
        1,
        null
      ],
      "D:/Universidad/Taller de Progra/SistemaControlDeRiesgos/app/helpers/consecuences_helper.rb": [
        1,
        null
      ],
      "D:/Universidad/Taller de Progra/SistemaControlDeRiesgos/app/helpers/controles_helper.rb": [
        1,
        null
      ],
      "D:/Universidad/Taller de Progra/SistemaControlDeRiesgos/app/helpers/criterios_helper.rb": [
        1,
        null
      ],
      "D:/Universidad/Taller de Progra/SistemaControlDeRiesgos/app/helpers/observacion_alcance_limitacions_helper.rb": [
        1,
        null
      ],
      "D:/Universidad/Taller de Progra/SistemaControlDeRiesgos/app/helpers/observacions_helper.rb": [
        1,
        null
      ],
      "D:/Universidad/Taller de Progra/SistemaControlDeRiesgos/app/helpers/vulnerabilidads_helper.rb": [
        1,
        null
      ],
      "D:/Universidad/Taller de Progra/SistemaControlDeRiesgos/app/helpers/welcomes_helper.rb": [
        1,
        null
      ],
      "D:/Universidad/Taller de Progra/SistemaControlDeRiesgos/app/controllers/activos_controller.rb": [
        1,
        null,
        null,
        null,
        null,
        1,
        0,
        null,
        0,
        0,
        0,
        null,
        null,
        null,
        null,
        null,
        1,
        0,
        null,
        null,
        null,
        null,
        null,
        null,
        0,
        0,
        0,
        null,
        null,
        null,
        null,
        null,
        1,
        0,
        0,
        0,
        0,
        0,
        null,
        null,
        null,
        null,
        1,
        0,
        0,
        null,
        null,
        null,
        null,
        1,
        0,
        null,
        0,
        0,
        0,
        0,
        null,
        0,
        0,
        null,
        null,
        null,
        null,
        null,
        null,
        1,
        0,
        null,
        0,
        0,
        0,
        0,
        null,
        0,
        0,
        null,
        null,
        null,
        null,
        null,
        null,
        1,
        0,
        0,
        null,
        0,
        0,
        0,
        null,
        null,
        null
      ],
      "D:/Universidad/Taller de Progra/SistemaControlDeRiesgos/app/models/activo.rb": [
        1,
        1,
        1,
        null,
        null,
        null,
        null,
        null,
        null
      ],
      "D:/Universidad/Taller de Progra/SistemaControlDeRiesgos/app/controllers/alcance_limitaciones_controller.rb": [
        1,
        null,
        null,
        null,
        null,
        1,
        0,
        null,
        0,
        0,
        0,
        null,
        null,
        null,
        null,
        null,
        1,
        0,
        null,
        0,
        0,
        0,
        null,
        null,
        null,
        null,
        null,
        1,
        0,
        null,
        0,
        0,
        0,
        null,
        null,
        null,
        null,
        1,
        0,
        null,
        null,
        null,
        null,
        1,
        0,
        null,
        0,
        0,
        0,
        0,
        null,
        0,
        0,
        null,
        null,
        null,
        null,
        null,
        null,
        1,
        0,
        null,
        0,
        0,
        0,
        0,
        null,
        0,
        0,
        null,
        null,
        null,
        null,
        null,
        null,
        1,
        0,
        0,
        null,
        0,
        0,
        0,
        null,
        null,
        null,
        1,
        0,
        null,
        null,
        1,
        0,
        0,
        0,
        null,
        0,
        null,
        0,
        0,
        null,
        null,
        1,
        0,
        null,
        null,
        1,
        0,
        0,
        null,
        0,
        null,
        null,
        null,
        1,
        0,
        0,
        0,
        null,
        0,
        null,
        0,
        0,
        null,
        null
      ],
      "D:/Universidad/Taller de Progra/SistemaControlDeRiesgos/app/models/alcance_limitacione.rb": [
        1,
        1,
        1,
        null,
        1,
        1,
        null,
        1,
        0,
        0,
        null,
        0,
        null,
        null,
        null,
        null
      ],
      "D:/Universidad/Taller de Progra/SistemaControlDeRiesgos/app/controllers/amenazas_controller.rb": [
        1,
        1,
        0,
        null,
        null,
        1,
        0,
        null,
        null,
        1,
        0,
        0,
        0,
        null,
        null,
        1,
        null,
        0,
        0,
        null,
        null,
        1,
        0,
        0,
        0,
        null,
        null
      ],
      "D:/Universidad/Taller de Progra/SistemaControlDeRiesgos/app/models/amenaza.rb": [
        1,
        1,
        1,
        1,
        null
      ],
      "D:/Universidad/Taller de Progra/SistemaControlDeRiesgos/app/controllers/consecuences_controller.rb": [
        1,
        1,
        0,
        null,
        null,
        1,
        0,
        null,
        null,
        1,
        0,
        0,
        0,
        null,
        null,
        1,
        null,
        0,
        0,
        null,
        null,
        1,
        0,
        0,
        0,
        null,
        null
      ],
      "D:/Universidad/Taller de Progra/SistemaControlDeRiesgos/app/models/consecuence.rb": [
        1,
        1,
        1,
        null
      ],
      "D:/Universidad/Taller de Progra/SistemaControlDeRiesgos/app/controllers/controles_controller.rb": [
        1,
        null,
        null,
        1,
        0,
        null,
        0,
        0,
        0,
        null,
        null,
        null,
        null,
        null,
        1,
        0,
        null,
        0,
        0,
        0,
        null,
        null,
        null,
        null,
        null,
        1,
        0,
        null,
        0,
        0,
        0,
        null,
        null,
        null,
        null,
        1,
        0,
        null,
        null,
        null,
        null,
        1,
        0,
        null,
        0,
        0,
        0,
        0,
        null,
        0,
        0,
        null,
        null,
        null,
        null,
        null,
        null,
        1,
        0,
        null,
        0,
        0,
        0,
        0,
        null,
        0,
        0,
        null,
        null,
        null,
        null,
        null,
        null,
        1,
        0,
        0,
        null,
        0,
        0,
        0,
        null,
        null,
        null
      ],
      "D:/Universidad/Taller de Progra/SistemaControlDeRiesgos/app/models/controle.rb": [
        1,
        1,
        null
      ],
      "D:/Universidad/Taller de Progra/SistemaControlDeRiesgos/app/controllers/criterios_controller.rb": [
        1,
        null,
        1,
        null,
        null,
        1,
        0,
        null,
        0,
        0,
        0,
        null,
        null,
        null,
        null,
        null,
        1,
        0,
        null,
        0,
        0,
        0,
        null,
        null,
        null,
        null,
        null,
        1,
        0,
        null,
        0,
        0,
        0,
        null,
        null,
        null,
        null,
        1,
        0,
        null,
        null,
        null,
        null,
        1,
        0,
        null,
        0,
        null,
        0,
        0,
        0,
        0,
        null,
        0,
        0,
        null,
        null,
        null,
        null,
        null,
        null,
        1,
        0,
        null,
        0,
        0,
        0,
        0,
        null,
        0,
        0,
        null,
        null,
        null,
        null,
        null,
        null,
        1,
        0,
        0,
        null,
        0,
        0,
        0,
        null,
        null,
        null,
        1,
        0,
        null,
        null,
        1,
        0,
        0,
        0,
        null,
        0,
        null,
        0,
        0,
        null,
        null,
        1,
        0,
        null,
        null,
        1,
        0,
        null,
        null,
        1,
        0,
        0,
        null,
        0,
        null,
        null,
        null,
        1,
        0,
        0,
        0,
        null,
        0,
        null,
        0,
        0,
        null,
        null,
        1,
        0,
        null,
        null,
        1,
        0,
        null,
        null
      ],
      "D:/Universidad/Taller de Progra/SistemaControlDeRiesgos/app/models/criterio.rb": [
        1,
        1,
        1,
        null,
        1,
        1,
        null,
        1,
        0,
        0,
        null,
        0,
        null,
        null,
        null,
        null
      ],
      "D:/Universidad/Taller de Progra/SistemaControlDeRiesgos/app/controllers/observacion_alcance_limitacions_controller.rb": [
        1,
        1,
        0,
        0,
        0,
        null,
        null
      ],
      "D:/Universidad/Taller de Progra/SistemaControlDeRiesgos/app/models/observacion_alcance_limitacion.rb": [
        1,
        1,
        1,
        null
      ],
      "D:/Universidad/Taller de Progra/SistemaControlDeRiesgos/app/controllers/observacions_controller.rb": [
        1,
        null,
        1,
        null,
        1,
        0,
        0,
        0,
        null,
        null
      ],
      "D:/Universidad/Taller de Progra/SistemaControlDeRiesgos/app/models/observacion.rb": [
        1,
        1,
        1,
        null,
        1,
        null
      ],
      "D:/Universidad/Taller de Progra/SistemaControlDeRiesgos/app/controllers/vulnerabilidads_controller.rb": [
        1,
        1,
        0,
        null,
        null,
        1,
        0,
        null,
        null,
        1,
        0,
        0,
        0,
        null,
        null,
        1,
        null,
        0,
        0,
        null,
        null,
        1,
        0,
        0,
        0,
        null,
        null
      ],
      "D:/Universidad/Taller de Progra/SistemaControlDeRiesgos/app/models/vulnerabilidad.rb": [
        1,
        1,
        1,
        1,
        null
      ],
      "D:/Universidad/Taller de Progra/SistemaControlDeRiesgos/app/controllers/welcomes_controller.rb": [
        1,
        null,
        1,
        null,
        1,
        null,
        null
      ],
      "D:/Universidad/Taller de Progra/SistemaControlDeRiesgos/app/models/ability.rb": [
        1,
        1,
        null,
        1,
        null,
        0,
        0,
        0,
        null,
        0,
        0,
        0,
        null,
        null,
        null,
        null,
        null,
        null,
        null,
        null,
        null,
        null,
        null,
        null,
        null,
        null,
        null,
        null,
        null,
        null,
        null,
        null,
        null,
        null,
        null,
        null,
        null,
        null,
        null,
        null,
        null
      ]
    },
    "timestamp": 1369322992
  }
}
